<?xml version="1.0" encoding="UTF-8" ?>
<testsuite tests="8" failures="0" name="test.CalculoTest" time="0.078" errors="0" skipped="0">
  <properties>
[...]
</properties>
  <testcase classname="test.CalculoTest" name="retornaSomaComSucesso_QuandoPassadosDoisNumeros" time="0.062"/>
  <testcase classname="test.CalculoTest" name="retornaMediaSucesso_QuandoPassadosDoisNumeros" time="0"/>
  <testcase classname="test.CalculoTest" name="retornaRaizComSucesso_QuandoNumeroValido" time="0.016"/>
  <testcase classname="test.CalculoTest" name="retornaPercentualComSucesso_QuandoPassadosDoisNumeros" time="0"/>
  <testcase classname="test.CalculoTest" name="retornaSubtracaoComSucesso_QuandoPassadosDoisNumeros" time="0"/>
  <testcase classname="test.CalculoTest" name="retornaMultiplicacaoComSucesso_QuandoPassadosDoisNumeros" time="0"/>
  <testcase classname="test.CalculoTest" name="retornaSubtracaoComSucesso_QuandoPassadosDoisNumeros2" time="0"/>
  <testcase classname="test.CalculoTest" name="retornaPotenciaComSucesso_QuandoPassadosDoisNumeros" time="0"/>
</testsuite>