<?xml version="1.0" encoding="UTF-8" ?>
<testsuite tests="8" failures="1" name="test.CalculoTest" time="0.062" errors="0" skipped="0">
  <properties>
[...]
</properties>
  <testcase classname="test.CalculoTest" name="retornaRaizComSucesso_QuandoNumeroValido" time="0.031"/>
  <testcase classname="test.CalculoTest" name="retornaSomaComSucesso_QuandoPassadosDoisNumeros" time="0.015"/>
  <testcase classname="test.CalculoTest" name="retornaMediaSucesso_QuandoPassadosDoisNumeros" time="0"/>
  <testcase classname="test.CalculoTest" name="retornaSubtracaoComSucesso_QuandoPassadosDoisNumeros" time="0"/>
  <testcase classname="test.CalculoTest" name="retornaSubtracaoComSucesso_QuandoPassadosDoisNumeros2" time="0.016">
    <failure message="expected:&lt;2.0&gt; but was:&lt;1.0&gt;" type="java.lang.AssertionError">java.lang.AssertionError: expected:&lt;2.0&gt; but was:&lt;1.0&gt;
	at org.junit.Assert.fail(Assert.java:91)
	at org.junit.Assert.failNotEquals(Assert.java:645)
	at org.junit.Assert.assertEquals(Assert.java:126)
	at org.junit.Assert.assertEquals(Assert.java:145)
	at test.CalculoTest.retornaSubtracaoComSucesso_QuandoPassadosDoisNumeros2(CalculoTest.java:34)
	at java.base/jdk.internal.reflect.NativeMethodAccessorImpl.invoke0(Native Method)
	at java.base/jdk.internal.reflect.NativeMethodAccessorImpl.invoke(NativeMethodAccessorImpl.java:62)
	at java.base/jdk.internal.reflect.DelegatingMethodAccessorImpl.invoke(DelegatingMethodAccessorImpl.java:43)
	at java.base/java.lang.reflect.Method.invoke(Method.java:566)
	at org.junit.runners.model.FrameworkMethod$1.runReflectiveCall(FrameworkMethod.java:44)
	at org.junit.internal.runners.model.ReflectiveCallable.run(ReflectiveCallable.java:15)
	at org.junit.runners.model.FrameworkMethod.invokeExplosively(FrameworkMethod.java:41)
	at org.junit.internal.runners.statements.InvokeMethod.evaluate(InvokeMethod.java:20)
	at org.junit.runners.BlockJUnit4ClassRunner.runChild(BlockJUnit4ClassRunner.java:76)
	at org.junit.runners.BlockJUnit4ClassRunner.runChild(BlockJUnit4ClassRunner.java:50)
	at org.junit.runners.ParentRunner$3.run(ParentRunner.java:193)
	at org.junit.runners.ParentRunner$1.schedule(ParentRunner.java:52)
	at org.junit.runners.ParentRunner.runChildren(ParentRunner.java:191)
	at org.junit.runners.ParentRunner.access$000(ParentRunner.java:42)
	at org.junit.runners.ParentRunner$2.evaluate(ParentRunner.java:184)
	at org.junit.runners.ParentRunner.run(ParentRunner.java:236)
	at org.apache.maven.surefire.junit4.JUnit4Provider.execute(JUnit4Provider.java:252)
	at org.apache.maven.surefire.junit4.JUnit4Provider.executeTestSet(JUnit4Provider.java:141)
	at org.apache.maven.surefire.junit4.JUnit4Provider.invoke(JUnit4Provider.java:112)
	at java.base/jdk.internal.reflect.NativeMethodAccessorImpl.invoke0(Native Method)
	at java.base/jdk.internal.reflect.NativeMethodAccessorImpl.invoke(NativeMethodAccessorImpl.java:62)
	at java.base/jdk.internal.reflect.DelegatingMethodAccessorImpl.invoke(DelegatingMethodAccessorImpl.java:43)
	at java.base/java.lang.reflect.Method.invoke(Method.java:566)
	at org.apache.maven.surefire.util.ReflectionUtils.invokeMethodWithArray(ReflectionUtils.java:189)
	at org.apache.maven.surefire.booter.ProviderFactory$ProviderProxy.invoke(ProviderFactory.java:165)
	at org.apache.maven.surefire.booter.ProviderFactory.invokeProvider(ProviderFactory.java:85)
	at org.apache.maven.surefire.booter.ForkedBooter.runSuitesInProcess(ForkedBooter.java:115)
	at org.apache.maven.surefire.booter.ForkedBooter.main(ForkedBooter.java:75)
</failure>
    <system-out>Dividindo: 2.0/2.0
</system-out>
  </testcase>
  <testcase classname="test.CalculoTest" name="retornaPotenciaComSucesso_QuandoPassadosDoisNumeros" time="0"/>
  <testcase classname="test.CalculoTest" name="retornaPercentualComSucesso_QuandoPassadosDoisNumeros" time="0"/>
  <testcase classname="test.CalculoTest" name="retornaMultiplicacaoComSucesso_QuandoPassadosDoisNumeros" time="0"/>
</testsuite>